<?xml version="1.0" encoding="UTF-8"?>
<Site BuildName="Linux-g++"
	BuildStamp="20231212-0727-Experimental"
	Name="xexeed"
	Generator="ctest-3.27.4"
	CompilerName="/usr/bin/g++"
	CompilerVersion="13.2.0"
	OSName="Linux"
	Hostname="xexeed"
	OSRelease="6.5.0-14-generic"
	OSVersion="#14-Ubuntu SMP PREEMPT_DYNAMIC Tue Nov 14 14:59:49 UTC 2023"
	OSPlatform="x86_64"
	Is64Bits="1"
	VendorString="AuthenticAMD"
	VendorID="Advanced Micro Devices"
	FamilyID="25"
	ModelID="80"
	ProcessorCacheSize="512"
	NumberOfLogicalCPU="16"
	NumberOfPhysicalCPU="8"
	TotalVirtualMemory="4095"
	TotalPhysicalMemory="15379"
	LogicalProcessorsPerPhysical="2"
	ProcessorClockFrequency="4491.48"
	>
	<Testing>
		<StartDateTime>Dec 12 08:33 CET</StartDateTime>
		<StartTestTime>1702366413</StartTestTime>
		<TestList/>
		<EndDateTime>Dec 12 08:33 CET</EndDateTime>
		<EndTestTime>1702366413</EndTestTime>
		<ElapsedMinutes>0</ElapsedMinutes>
	</Testing>
</Site>
